[2024-03-27 18:45:15,129: INFO: main: hi]
[2024-03-27 18:48:46,531: INFO: main: hi]
[2024-03-27 19:25:49,117: INFO: main: >>>>>> stage Data Ingestion stage started <<<<<<]
[2024-03-27 19:25:49,117: INFO: common: yaml file: config\config.yaml loaded successfully]
[2024-03-27 19:25:49,117: INFO: common: yaml file: params.yaml loaded successfully]
[2024-03-27 19:25:49,117: INFO: common: created directory at: artifacts]
[2024-03-27 19:25:49,117: INFO: common: created directory at: artifacts/data_ingestion]
[2024-03-27 19:25:49,117: INFO: data_ingestion: Downloading data from https://drive.google.com/file/d/1vlhZ5c7abUKF8xXERIw6m9Te8fW7ohw3/view?usp=sharing into file artifacts/data_ingestion/data.zip]
[2024-03-27 19:25:59,203: INFO: data_ingestion: Downloaded data from https://drive.google.com/file/d/1vlhZ5c7abUKF8xXERIw6m9Te8fW7ohw3/view?usp=sharing into file artifacts/data_ingestion/data.zip]
[2024-03-27 19:25:59,963: INFO: main: >>>>>> stage Data Ingestion stage completed <<<<<<

x==========x]
[2024-03-27 19:47:39,072: INFO: utils: NumExpr defaulting to 8 threads.]
[2024-03-27 19:56:59,124: INFO: common: yaml file: config\config.yaml loaded successfully]
[2024-03-27 19:56:59,136: INFO: common: yaml file: params.yaml loaded successfully]
[2024-03-27 19:56:59,141: INFO: common: created directory at: artifacts]
[2024-03-27 19:56:59,144: INFO: common: created directory at: artifacts/prepare_base_model]
[2024-03-27 19:57:59,126: WARNING: saving_api: You are saving your model as an HDF5 file via `model.save()` or `keras.saving.save_model(model)`. This file format is considered legacy. We recommend using instead the native Keras format, e.g. `model.save('my_model.keras')` or `keras.saving.save_model(model, 'my_model.keras')`. ]
[2024-03-27 19:57:59,321: WARNING: saving_api: You are saving your model as an HDF5 file via `model.save()` or `keras.saving.save_model(model)`. This file format is considered legacy. We recommend using instead the native Keras format, e.g. `model.save('my_model.keras')` or `keras.saving.save_model(model, 'my_model.keras')`. ]
[2024-03-27 19:58:44,872: INFO: common: yaml file: config\config.yaml loaded successfully]
[2024-03-27 19:58:44,875: INFO: common: yaml file: params.yaml loaded successfully]
[2024-03-27 19:58:44,877: INFO: common: created directory at: artifacts]
[2024-03-27 19:58:44,879: INFO: common: created directory at: artifacts/prepare_base_model]
[2024-03-27 19:58:45,202: WARNING: saving_api: You are saving your model as an HDF5 file via `model.save()` or `keras.saving.save_model(model)`. This file format is considered legacy. We recommend using instead the native Keras format, e.g. `model.save('my_model.keras')` or `keras.saving.save_model(model, 'my_model.keras')`. ]
[2024-03-27 19:58:45,285: WARNING: saving_api: You are saving your model as an HDF5 file via `model.save()` or `keras.saving.save_model(model)`. This file format is considered legacy. We recommend using instead the native Keras format, e.g. `model.save('my_model.keras')` or `keras.saving.save_model(model, 'my_model.keras')`. ]
[2024-03-27 19:59:00,213: INFO: common: yaml file: config\config.yaml loaded successfully]
[2024-03-27 19:59:00,215: INFO: common: yaml file: params.yaml loaded successfully]
[2024-03-27 19:59:00,218: INFO: common: created directory at: artifacts]
[2024-03-27 19:59:00,219: INFO: common: created directory at: artifacts/prepare_base_model]
[2024-03-27 19:59:00,484: WARNING: saving_api: You are saving your model as an HDF5 file via `model.save()` or `keras.saving.save_model(model)`. This file format is considered legacy. We recommend using instead the native Keras format, e.g. `model.save('my_model.keras')` or `keras.saving.save_model(model, 'my_model.keras')`. ]
[2024-03-27 19:59:00,599: WARNING: saving_api: You are saving your model as an HDF5 file via `model.save()` or `keras.saving.save_model(model)`. This file format is considered legacy. We recommend using instead the native Keras format, e.g. `model.save('my_model.keras')` or `keras.saving.save_model(model, 'my_model.keras')`. ]
[2024-03-27 19:59:12,029: INFO: common: yaml file: config\config.yaml loaded successfully]
[2024-03-27 19:59:12,031: INFO: common: yaml file: params.yaml loaded successfully]
[2024-03-27 19:59:12,033: INFO: common: created directory at: artifacts]
[2024-03-27 19:59:12,034: INFO: common: created directory at: artifacts/prepare_base_model]
[2024-03-27 19:59:12,326: WARNING: saving_api: You are saving your model as an HDF5 file via `model.save()` or `keras.saving.save_model(model)`. This file format is considered legacy. We recommend using instead the native Keras format, e.g. `model.save('my_model.keras')` or `keras.saving.save_model(model, 'my_model.keras')`. ]
[2024-03-27 19:59:12,411: WARNING: saving_api: You are saving your model as an HDF5 file via `model.save()` or `keras.saving.save_model(model)`. This file format is considered legacy. We recommend using instead the native Keras format, e.g. `model.save('my_model.keras')` or `keras.saving.save_model(model, 'my_model.keras')`. ]
[2024-03-27 20:37:25,433: INFO: utils: NumExpr defaulting to 8 threads.]
[2024-03-27 20:37:25,978: INFO: main: >>>>>> stage Data Ingestion stage started <<<<<<]
[2024-03-27 20:37:25,978: INFO: common: yaml file: config\config.yaml loaded successfully]
[2024-03-27 20:37:25,978: INFO: common: yaml file: params.yaml loaded successfully]
[2024-03-27 20:37:25,978: INFO: common: created directory at: artifacts]
[2024-03-27 20:37:25,978: INFO: common: created directory at: artifacts/data_ingestion]
[2024-03-27 20:37:25,978: INFO: data_ingestion: Downloading data from https://drive.google.com/file/d/1vlhZ5c7abUKF8xXERIw6m9Te8fW7ohw3/view?usp=sharing into file artifacts/data_ingestion/data.zip]
[2024-03-27 20:37:39,906: INFO: data_ingestion: Downloaded data from https://drive.google.com/file/d/1vlhZ5c7abUKF8xXERIw6m9Te8fW7ohw3/view?usp=sharing into file artifacts/data_ingestion/data.zip]
[2024-03-27 20:37:40,716: INFO: main: >>>>>> stage Data Ingestion stage completed <<<<<<

x==========x]
[2024-03-27 20:37:40,716: INFO: main: *******************]
[2024-03-27 20:37:40,716: INFO: main: >>>>>> stage Prepare base model started <<<<<<]
[2024-03-27 20:37:40,719: INFO: common: yaml file: config\config.yaml loaded successfully]
[2024-03-27 20:37:40,719: INFO: common: yaml file: params.yaml loaded successfully]
[2024-03-27 20:37:40,719: INFO: common: created directory at: artifacts]
[2024-03-27 20:37:40,719: ERROR: main: 'ConfigurationManager' object has no attribute 'get_prepare_base_model_config']
Traceback (most recent call last):
  File "D:\kidney disease project tumor\ct-scan-Kidney\main.py", line 24, in <module>
    prepare_base_model.main()
  File "D:\python\Lib\site-packages\cnnClassifier\pipeline\stage_02_prepare_base_model.py", line 13, in main
    prepare_base_model_config = config.get_prepare_base_model_config()
                                ^^^^^^^^^^^^^^^^^^^^^^^^^^^^^^^^^^^^
AttributeError: 'ConfigurationManager' object has no attribute 'get_prepare_base_model_config'
[2024-03-27 20:41:48,904: INFO: utils: NumExpr defaulting to 8 threads.]
[2024-03-27 20:41:49,478: INFO: main: >>>>>> stage Data Ingestion stage started <<<<<<]
[2024-03-27 20:41:49,478: INFO: common: yaml file: config\config.yaml loaded successfully]
[2024-03-27 20:41:49,478: INFO: common: yaml file: params.yaml loaded successfully]
[2024-03-27 20:41:49,478: INFO: common: created directory at: artifacts]
[2024-03-27 20:41:49,478: INFO: common: created directory at: artifacts/data_ingestion]
[2024-03-27 20:41:49,478: INFO: data_ingestion: Downloading data from https://drive.google.com/file/d/1vlhZ5c7abUKF8xXERIw6m9Te8fW7ohw3/view?usp=sharing into file artifacts/data_ingestion/data.zip]
[2024-03-27 20:42:01,791: INFO: data_ingestion: Downloaded data from https://drive.google.com/file/d/1vlhZ5c7abUKF8xXERIw6m9Te8fW7ohw3/view?usp=sharing into file artifacts/data_ingestion/data.zip]
[2024-03-27 20:42:02,472: INFO: main: >>>>>> stage Data Ingestion stage completed <<<<<<

x==========x]
[2024-03-27 20:42:02,472: INFO: main: *******************]
[2024-03-27 20:42:02,472: INFO: main: >>>>>> stage Prepare base model started <<<<<<]
[2024-03-27 20:42:02,472: INFO: common: yaml file: config\config.yaml loaded successfully]
[2024-03-27 20:42:02,472: INFO: common: yaml file: params.yaml loaded successfully]
[2024-03-27 20:42:02,472: INFO: common: created directory at: artifacts]
[2024-03-27 20:42:02,472: INFO: common: created directory at: artifacts/prepare_base_model]
[2024-03-27 20:42:02,980: WARNING: saving_api: You are saving your model as an HDF5 file via `model.save()` or `keras.saving.save_model(model)`. This file format is considered legacy. We recommend using instead the native Keras format, e.g. `model.save('my_model.keras')` or `keras.saving.save_model(model, 'my_model.keras')`. ]
[2024-03-27 20:42:03,217: WARNING: saving_api: You are saving your model as an HDF5 file via `model.save()` or `keras.saving.save_model(model)`. This file format is considered legacy. We recommend using instead the native Keras format, e.g. `model.save('my_model.keras')` or `keras.saving.save_model(model, 'my_model.keras')`. ]
[2024-03-27 20:42:03,336: INFO: main: >>>>>> stage Prepare base model completed <<<<<<

x==========x]
[2024-03-28 01:12:54,671: INFO: utils: NumExpr defaulting to 8 threads.]
[2024-03-28 01:13:15,424: INFO: main: >>>>>> stage Data Ingestion stage started <<<<<<]
[2024-03-28 01:13:15,424: INFO: common: yaml file: config\config.yaml loaded successfully]
[2024-03-28 01:13:15,440: INFO: common: yaml file: params.yaml loaded successfully]
[2024-03-28 01:13:15,440: INFO: common: created directory at: artifacts]
[2024-03-28 01:13:15,440: INFO: common: created directory at: artifacts/data_ingestion]
[2024-03-28 01:13:15,440: INFO: data_ingestion: Downloading data from https://drive.google.com/file/d/1vlhZ5c7abUKF8xXERIw6m9Te8fW7ohw3/view?usp=sharing into file artifacts/data_ingestion/data.zip]
[2024-03-28 01:13:26,222: INFO: data_ingestion: Downloaded data from https://drive.google.com/file/d/1vlhZ5c7abUKF8xXERIw6m9Te8fW7ohw3/view?usp=sharing into file artifacts/data_ingestion/data.zip]
[2024-03-28 01:13:27,082: INFO: main: >>>>>> stage Data Ingestion stage completed <<<<<<

x==========x]
[2024-03-28 01:13:27,082: INFO: main: *******************]
[2024-03-28 01:13:27,082: INFO: main: >>>>>> stage Prepare base model started <<<<<<]
[2024-03-28 01:13:27,097: INFO: common: yaml file: config\config.yaml loaded successfully]
[2024-03-28 01:13:27,102: INFO: common: yaml file: params.yaml loaded successfully]
[2024-03-28 01:13:27,110: INFO: common: created directory at: artifacts]
[2024-03-28 01:13:27,117: INFO: common: created directory at: artifacts/prepare_base_model]
[2024-03-28 01:13:27,743: WARNING: saving_api: You are saving your model as an HDF5 file via `model.save()` or `keras.saving.save_model(model)`. This file format is considered legacy. We recommend using instead the native Keras format, e.g. `model.save('my_model.keras')` or `keras.saving.save_model(model, 'my_model.keras')`. ]
[2024-03-28 01:13:28,157: WARNING: saving_api: You are saving your model as an HDF5 file via `model.save()` or `keras.saving.save_model(model)`. This file format is considered legacy. We recommend using instead the native Keras format, e.g. `model.save('my_model.keras')` or `keras.saving.save_model(model, 'my_model.keras')`. ]
[2024-03-28 01:13:29,993: INFO: main: >>>>>> stage Prepare base model completed <<<<<<

x==========x]
[2024-03-28 01:15:09,343: INFO: common: yaml file: config\config.yaml loaded successfully]
[2024-03-28 01:15:09,347: INFO: common: yaml file: params.yaml loaded successfully]
[2024-03-28 01:15:09,348: INFO: common: created directory at: artifacts]
[2024-03-28 01:15:09,351: INFO: common: created directory at: artifacts\training]
[2024-03-28 01:15:09,643: WARNING: saving_utils: Compiled the loaded model, but the compiled metrics have yet to be built. `model.compile_metrics` will be empty until you train or evaluate the model.]
[2024-03-28 01:20:12,246: INFO: common: yaml file: config\config.yaml loaded successfully]
[2024-03-28 01:20:12,248: INFO: common: yaml file: params.yaml loaded successfully]
[2024-03-28 01:20:12,249: INFO: common: created directory at: artifacts]
[2024-03-28 01:20:12,251: INFO: common: created directory at: artifacts\training]
[2024-03-28 01:20:12,464: WARNING: saving_utils: Compiled the loaded model, but the compiled metrics have yet to be built. `model.compile_metrics` will be empty until you train or evaluate the model.]
[2024-03-28 01:32:42,839: INFO: common: yaml file: config\config.yaml loaded successfully]
[2024-03-28 01:32:42,841: INFO: common: yaml file: params.yaml loaded successfully]
[2024-03-28 01:32:42,843: INFO: common: created directory at: artifacts]
[2024-03-28 01:32:42,844: INFO: common: created directory at: artifacts\training]
[2024-03-28 01:32:43,062: WARNING: saving_utils: Compiled the loaded model, but the compiled metrics have yet to be built. `model.compile_metrics` will be empty until you train or evaluate the model.]
[2024-03-28 01:33:45,414: INFO: common: yaml file: config\config.yaml loaded successfully]
[2024-03-28 01:33:45,417: INFO: common: yaml file: params.yaml loaded successfully]
[2024-03-28 01:33:45,418: INFO: common: created directory at: artifacts]
[2024-03-28 01:33:45,419: INFO: common: created directory at: artifacts\training]
[2024-03-28 01:33:45,597: WARNING: saving_utils: Compiled the loaded model, but the compiled metrics have yet to be built. `model.compile_metrics` will be empty until you train or evaluate the model.]
[2024-03-28 01:34:01,834: INFO: common: yaml file: config\config.yaml loaded successfully]
[2024-03-28 01:34:01,837: INFO: common: yaml file: params.yaml loaded successfully]
[2024-03-28 01:34:01,838: INFO: common: created directory at: artifacts]
[2024-03-28 01:34:01,840: INFO: common: created directory at: artifacts\training]
[2024-03-28 01:34:02,015: WARNING: saving_utils: Compiled the loaded model, but the compiled metrics have yet to be built. `model.compile_metrics` will be empty until you train or evaluate the model.]
[2024-03-28 01:37:26,483: WARNING: saving_api: You are saving your model as an HDF5 file via `model.save()` or `keras.saving.save_model(model)`. This file format is considered legacy. We recommend using instead the native Keras format, e.g. `model.save('my_model.keras')` or `keras.saving.save_model(model, 'my_model.keras')`. ]
[2024-03-28 01:57:46,827: INFO: utils: NumExpr defaulting to 8 threads.]
[2024-03-28 01:57:47,405: INFO: main: >>>>>> stage Data Ingestion stage started <<<<<<]
[2024-03-28 01:57:47,405: INFO: common: yaml file: config\config.yaml loaded successfully]
[2024-03-28 01:57:47,405: INFO: common: yaml file: params.yaml loaded successfully]
[2024-03-28 01:57:47,416: INFO: common: created directory at: artifacts]
[2024-03-28 01:57:47,417: INFO: common: created directory at: artifacts/data_ingestion]
[2024-03-28 01:57:47,417: INFO: data_ingestion: Downloading data from https://drive.google.com/file/d/1vlhZ5c7abUKF8xXERIw6m9Te8fW7ohw3/view?usp=sharing into file artifacts/data_ingestion/data.zip]
[2024-03-28 01:57:55,816: INFO: data_ingestion: Downloaded data from https://drive.google.com/file/d/1vlhZ5c7abUKF8xXERIw6m9Te8fW7ohw3/view?usp=sharing into file artifacts/data_ingestion/data.zip]
[2024-03-28 01:57:56,451: INFO: main: >>>>>> stage Data Ingestion stage completed <<<<<<

x==========x]
[2024-03-28 01:57:56,451: INFO: main: *******************]
[2024-03-28 01:57:56,451: INFO: main: >>>>>> stage Prepare base model started <<<<<<]
[2024-03-28 01:57:56,451: INFO: common: yaml file: config\config.yaml loaded successfully]
[2024-03-28 01:57:56,451: INFO: common: yaml file: params.yaml loaded successfully]
[2024-03-28 01:57:56,451: INFO: common: created directory at: artifacts]
[2024-03-28 01:57:56,451: INFO: common: created directory at: artifacts/prepare_base_model]
[2024-03-28 01:57:56,942: WARNING: saving_api: You are saving your model as an HDF5 file via `model.save()` or `keras.saving.save_model(model)`. This file format is considered legacy. We recommend using instead the native Keras format, e.g. `model.save('my_model.keras')` or `keras.saving.save_model(model, 'my_model.keras')`. ]
[2024-03-28 01:57:57,162: WARNING: saving_api: You are saving your model as an HDF5 file via `model.save()` or `keras.saving.save_model(model)`. This file format is considered legacy. We recommend using instead the native Keras format, e.g. `model.save('my_model.keras')` or `keras.saving.save_model(model, 'my_model.keras')`. ]
[2024-03-28 01:57:57,316: INFO: main: >>>>>> stage Prepare base model completed <<<<<<

x==========x]
[2024-03-28 01:57:57,316: INFO: main: *******************]
[2024-03-28 01:57:57,316: INFO: main: >>>>>> stage Training started <<<<<<]
[2024-03-28 01:57:57,316: INFO: common: yaml file: config\config.yaml loaded successfully]
[2024-03-28 01:57:57,316: INFO: common: yaml file: params.yaml loaded successfully]
[2024-03-28 01:57:57,316: INFO: common: created directory at: artifacts]
[2024-03-28 01:57:57,316: INFO: common: created directory at: artifacts\training]
[2024-03-28 01:57:57,464: WARNING: saving_utils: Compiled the loaded model, but the compiled metrics have yet to be built. `model.compile_metrics` will be empty until you train or evaluate the model.]
[2024-03-28 01:57:58,251: ERROR: main: Unknown variable: <KerasVariable shape=(3, 3, 3, 64), dtype=float32, path=block1_conv1/kernel>. This optimizer can only be called for the variables it was originally built with. When working with a new set of variables, you should recreate a new optimizer instance.]
Traceback (most recent call last):
  File "D:\kidney disease project tumor\ct-scan-Kidney\main.py", line 38, in <module>
    model_trainer.main()
  File "D:\python\Lib\site-packages\cnnClassifier\pipeline\stage_03_model_training.py", line 21, in main
    training.train()
  File "D:\python\Lib\site-packages\cnnClassifier\components\model_training.py", line 76, in train
    self.model.fit(
  File "D:\python\Lib\site-packages\keras\src\utils\traceback_utils.py", line 122, in error_handler
    raise e.with_traceback(filtered_tb) from None
  File "D:\python\Lib\site-packages\keras\src\optimizers\base_optimizer.py", line 215, in _check_variables_are_known
    raise ValueError(
ValueError: Unknown variable: <KerasVariable shape=(3, 3, 3, 64), dtype=float32, path=block1_conv1/kernel>. This optimizer can only be called for the variables it was originally built with. When working with a new set of variables, you should recreate a new optimizer instance.
[2024-03-28 02:00:24,075: INFO: utils: NumExpr defaulting to 8 threads.]
[2024-03-28 02:00:24,480: INFO: main: >>>>>> stage Data Ingestion stage started <<<<<<]
[2024-03-28 02:00:24,480: INFO: common: yaml file: config\config.yaml loaded successfully]
[2024-03-28 02:00:24,495: INFO: common: yaml file: params.yaml loaded successfully]
[2024-03-28 02:00:24,496: INFO: common: created directory at: artifacts]
[2024-03-28 02:00:24,497: INFO: common: created directory at: artifacts/data_ingestion]
[2024-03-28 02:00:24,497: INFO: data_ingestion: Downloading data from https://drive.google.com/file/d/1vlhZ5c7abUKF8xXERIw6m9Te8fW7ohw3/view?usp=sharing into file artifacts/data_ingestion/data.zip]
[2024-03-28 02:00:32,352: INFO: data_ingestion: Downloaded data from https://drive.google.com/file/d/1vlhZ5c7abUKF8xXERIw6m9Te8fW7ohw3/view?usp=sharing into file artifacts/data_ingestion/data.zip]
[2024-03-28 02:00:32,997: INFO: main: >>>>>> stage Data Ingestion stage completed <<<<<<

x==========x]
[2024-03-28 02:00:32,997: INFO: main: *******************]
[2024-03-28 02:00:32,997: INFO: main: >>>>>> stage Prepare base model started <<<<<<]
[2024-03-28 02:00:32,997: INFO: common: yaml file: config\config.yaml loaded successfully]
[2024-03-28 02:00:33,013: INFO: common: yaml file: params.yaml loaded successfully]
[2024-03-28 02:00:33,014: INFO: common: created directory at: artifacts]
[2024-03-28 02:00:33,015: INFO: common: created directory at: artifacts/prepare_base_model]
[2024-03-28 02:00:33,419: WARNING: saving_api: You are saving your model as an HDF5 file via `model.save()` or `keras.saving.save_model(model)`. This file format is considered legacy. We recommend using instead the native Keras format, e.g. `model.save('my_model.keras')` or `keras.saving.save_model(model, 'my_model.keras')`. ]
[2024-03-28 02:00:33,561: WARNING: saving_api: You are saving your model as an HDF5 file via `model.save()` or `keras.saving.save_model(model)`. This file format is considered legacy. We recommend using instead the native Keras format, e.g. `model.save('my_model.keras')` or `keras.saving.save_model(model, 'my_model.keras')`. ]
[2024-03-28 02:00:33,746: INFO: main: >>>>>> stage Prepare base model completed <<<<<<

x==========x]
[2024-03-28 02:00:33,746: INFO: main: *******************]
[2024-03-28 02:00:33,746: INFO: main: >>>>>> stage Training started <<<<<<]
[2024-03-28 02:00:33,746: INFO: common: yaml file: config\config.yaml loaded successfully]
[2024-03-28 02:00:33,746: INFO: common: yaml file: params.yaml loaded successfully]
[2024-03-28 02:00:33,746: INFO: common: created directory at: artifacts]
[2024-03-28 02:00:33,746: INFO: common: created directory at: artifacts\training]
[2024-03-28 02:00:33,889: WARNING: saving_utils: Compiled the loaded model, but the compiled metrics have yet to be built. `model.compile_metrics` will be empty until you train or evaluate the model.]
[2024-03-28 02:04:11,719: WARNING: saving_api: You are saving your model as an HDF5 file via `model.save()` or `keras.saving.save_model(model)`. This file format is considered legacy. We recommend using instead the native Keras format, e.g. `model.save('my_model.keras')` or `keras.saving.save_model(model, 'my_model.keras')`. ]
[2024-03-28 02:04:11,945: INFO: main: >>>>>> stage Training completed <<<<<<

x==========x]
[2024-03-28 02:48:34,751: INFO: utils: NumExpr defaulting to 8 threads.]
[2024-03-28 02:48:35,369: INFO: main: >>>>>> stage Data Ingestion stage started <<<<<<]
[2024-03-28 02:48:35,370: INFO: common: yaml file: config\config.yaml loaded successfully]
[2024-03-28 02:48:35,371: INFO: common: yaml file: params.yaml loaded successfully]
[2024-03-28 02:48:35,371: INFO: common: created directory at: artifacts]
[2024-03-28 02:48:35,372: INFO: common: created directory at: artifacts/data_ingestion]
[2024-03-28 02:48:35,372: INFO: data_ingestion: Downloading data from https://drive.google.com/file/d/1vlhZ5c7abUKF8xXERIw6m9Te8fW7ohw3/view?usp=sharing into file artifacts/data_ingestion/data.zip]
[2024-03-28 02:48:43,717: INFO: data_ingestion: Downloaded data from https://drive.google.com/file/d/1vlhZ5c7abUKF8xXERIw6m9Te8fW7ohw3/view?usp=sharing into file artifacts/data_ingestion/data.zip]
[2024-03-28 02:48:44,468: INFO: main: >>>>>> stage Data Ingestion stage completed <<<<<<

x==========x]
[2024-03-28 02:48:44,468: INFO: main: *******************]
[2024-03-28 02:48:44,468: INFO: main: >>>>>> stage Prepare base model started <<<<<<]
[2024-03-28 02:48:44,468: INFO: common: yaml file: config\config.yaml loaded successfully]
[2024-03-28 02:48:44,484: INFO: common: yaml file: params.yaml loaded successfully]
[2024-03-28 02:48:44,484: INFO: common: created directory at: artifacts]
[2024-03-28 02:48:44,484: INFO: common: created directory at: artifacts/prepare_base_model]
[2024-03-28 02:48:45,048: WARNING: saving_api: You are saving your model as an HDF5 file via `model.save()` or `keras.saving.save_model(model)`. This file format is considered legacy. We recommend using instead the native Keras format, e.g. `model.save('my_model.keras')` or `keras.saving.save_model(model, 'my_model.keras')`. ]
[2024-03-28 02:48:45,315: WARNING: saving_api: You are saving your model as an HDF5 file via `model.save()` or `keras.saving.save_model(model)`. This file format is considered legacy. We recommend using instead the native Keras format, e.g. `model.save('my_model.keras')` or `keras.saving.save_model(model, 'my_model.keras')`. ]
[2024-03-28 02:48:45,460: INFO: main: >>>>>> stage Prepare base model completed <<<<<<

x==========x]
[2024-03-28 02:48:45,460: INFO: main: *******************]
[2024-03-28 02:48:45,460: INFO: main: >>>>>> stage Training started <<<<<<]
[2024-03-28 02:48:45,460: INFO: common: yaml file: config\config.yaml loaded successfully]
[2024-03-28 02:48:45,460: INFO: common: yaml file: params.yaml loaded successfully]
[2024-03-28 02:48:45,460: INFO: common: created directory at: artifacts]
[2024-03-28 02:48:45,460: INFO: common: created directory at: artifacts\training]
[2024-03-28 02:48:45,630: WARNING: saving_utils: Compiled the loaded model, but the compiled metrics have yet to be built. `model.compile_metrics` will be empty until you train or evaluate the model.]
[2024-03-28 02:51:02,655: INFO: common: yaml file: config\config.yaml loaded successfully]
[2024-03-28 02:51:02,655: INFO: common: yaml file: params.yaml loaded successfully]
[2024-03-28 02:51:02,655: INFO: common: created directory at: artifacts]
[2024-03-28 02:52:37,900: WARNING: saving_api: You are saving your model as an HDF5 file via `model.save()` or `keras.saving.save_model(model)`. This file format is considered legacy. We recommend using instead the native Keras format, e.g. `model.save('my_model.keras')` or `keras.saving.save_model(model, 'my_model.keras')`. ]
[2024-03-28 02:52:38,047: INFO: main: >>>>>> stage Training completed <<<<<<

x==========x]
[2024-03-28 03:14:48,122: INFO: utils: NumExpr defaulting to 8 threads.]
[2024-03-28 03:14:49,827: INFO: main: >>>>>> stage Data Ingestion stage started <<<<<<]
[2024-03-28 03:14:49,827: INFO: common: yaml file: config\config.yaml loaded successfully]
[2024-03-28 03:14:49,827: INFO: common: yaml file: params.yaml loaded successfully]
[2024-03-28 03:14:49,827: INFO: common: created directory at: artifacts]
[2024-03-28 03:14:49,827: INFO: common: created directory at: artifacts/data_ingestion]
[2024-03-28 03:14:49,843: INFO: data_ingestion: Downloading data from https://drive.google.com/file/d/1vlhZ5c7abUKF8xXERIw6m9Te8fW7ohw3/view?usp=sharing into file artifacts/data_ingestion/data.zip]
[2024-03-28 03:14:58,704: INFO: data_ingestion: Downloaded data from https://drive.google.com/file/d/1vlhZ5c7abUKF8xXERIw6m9Te8fW7ohw3/view?usp=sharing into file artifacts/data_ingestion/data.zip]
[2024-03-28 03:14:59,329: INFO: main: >>>>>> stage Data Ingestion stage completed <<<<<<

x==========x]
[2024-03-28 03:14:59,329: INFO: main: *******************]
[2024-03-28 03:14:59,329: INFO: main: >>>>>> stage Prepare base model started <<<<<<]
[2024-03-28 03:14:59,329: INFO: common: yaml file: config\config.yaml loaded successfully]
[2024-03-28 03:14:59,329: INFO: common: yaml file: params.yaml loaded successfully]
[2024-03-28 03:14:59,329: INFO: common: created directory at: artifacts]
[2024-03-28 03:14:59,329: INFO: common: created directory at: artifacts/prepare_base_model]
[2024-03-28 03:14:59,846: WARNING: saving_api: You are saving your model as an HDF5 file via `model.save()` or `keras.saving.save_model(model)`. This file format is considered legacy. We recommend using instead the native Keras format, e.g. `model.save('my_model.keras')` or `keras.saving.save_model(model, 'my_model.keras')`. ]
[2024-03-28 03:15:00,142: WARNING: saving_api: You are saving your model as an HDF5 file via `model.save()` or `keras.saving.save_model(model)`. This file format is considered legacy. We recommend using instead the native Keras format, e.g. `model.save('my_model.keras')` or `keras.saving.save_model(model, 'my_model.keras')`. ]
[2024-03-28 03:15:00,329: INFO: main: >>>>>> stage Prepare base model completed <<<<<<

x==========x]
[2024-03-28 03:15:00,329: INFO: main: *******************]
[2024-03-28 03:15:00,329: INFO: main: >>>>>> stage Training started <<<<<<]
[2024-03-28 03:15:00,329: INFO: common: yaml file: config\config.yaml loaded successfully]
[2024-03-28 03:15:00,329: INFO: common: yaml file: params.yaml loaded successfully]
[2024-03-28 03:15:00,329: INFO: common: created directory at: artifacts]
[2024-03-28 03:15:00,329: INFO: common: created directory at: artifacts\training]
[2024-03-28 03:15:00,496: WARNING: saving_utils: Compiled the loaded model, but the compiled metrics have yet to be built. `model.compile_metrics` will be empty until you train or evaluate the model.]
[2024-03-28 03:18:22,277: WARNING: saving_api: You are saving your model as an HDF5 file via `model.save()` or `keras.saving.save_model(model)`. This file format is considered legacy. We recommend using instead the native Keras format, e.g. `model.save('my_model.keras')` or `keras.saving.save_model(model, 'my_model.keras')`. ]
[2024-03-28 03:18:22,454: INFO: main: >>>>>> stage Training completed <<<<<<

x==========x]
[2024-03-28 03:18:22,454: INFO: main: *******************]
[2024-03-28 03:18:22,454: INFO: main: >>>>>> stage Evaluation stage started <<<<<<]
[2024-03-28 03:18:22,454: INFO: common: yaml file: config\config.yaml loaded successfully]
[2024-03-28 03:18:22,454: INFO: common: yaml file: params.yaml loaded successfully]
[2024-03-28 03:18:22,469: INFO: common: created directory at: artifacts]
[2024-03-28 03:18:22,718: WARNING: saving_utils: Compiled the loaded model, but the compiled metrics have yet to be built. `model.compile_metrics` will be empty until you train or evaluate the model.]
[2024-03-28 03:18:40,761: INFO: common: json file saved at: scores.json]
[2024-03-28 03:18:40,761: INFO: common: json file saved at: scores.json]
[2024-03-28 03:18:40,761: INFO: main: >>>>>> stage Evaluation stage completed <<<<<<

x==========x]
[2024-03-28 03:26:18,717: INFO: utils: NumExpr defaulting to 8 threads.]
[2024-03-28 03:26:20,326: INFO: main: >>>>>> stage Data Ingestion stage started <<<<<<]
[2024-03-28 03:26:20,326: INFO: common: yaml file: config\config.yaml loaded successfully]
[2024-03-28 03:26:20,326: INFO: common: yaml file: params.yaml loaded successfully]
[2024-03-28 03:26:20,326: INFO: common: created directory at: artifacts]
[2024-03-28 03:26:20,326: INFO: common: created directory at: artifacts/data_ingestion]
[2024-03-28 03:26:20,326: INFO: data_ingestion: Downloading data from https://drive.google.com/file/d/1vlhZ5c7abUKF8xXERIw6m9Te8fW7ohw3/view?usp=sharing into file artifacts/data_ingestion/data.zip]
[2024-03-28 03:26:28,704: INFO: data_ingestion: Downloaded data from https://drive.google.com/file/d/1vlhZ5c7abUKF8xXERIw6m9Te8fW7ohw3/view?usp=sharing into file artifacts/data_ingestion/data.zip]
[2024-03-28 03:26:29,346: INFO: main: >>>>>> stage Data Ingestion stage completed <<<<<<

x==========x]
[2024-03-28 03:26:29,346: INFO: main: *******************]
[2024-03-28 03:26:29,346: INFO: main: >>>>>> stage Prepare base model started <<<<<<]
[2024-03-28 03:26:29,346: INFO: common: yaml file: config\config.yaml loaded successfully]
[2024-03-28 03:26:29,346: INFO: common: yaml file: params.yaml loaded successfully]
[2024-03-28 03:26:29,346: INFO: common: created directory at: artifacts]
[2024-03-28 03:26:29,346: INFO: common: created directory at: artifacts/prepare_base_model]
[2024-03-28 03:26:29,804: WARNING: saving_api: You are saving your model as an HDF5 file via `model.save()` or `keras.saving.save_model(model)`. This file format is considered legacy. We recommend using instead the native Keras format, e.g. `model.save('my_model.keras')` or `keras.saving.save_model(model, 'my_model.keras')`. ]
[2024-03-28 03:26:29,992: WARNING: saving_api: You are saving your model as an HDF5 file via `model.save()` or `keras.saving.save_model(model)`. This file format is considered legacy. We recommend using instead the native Keras format, e.g. `model.save('my_model.keras')` or `keras.saving.save_model(model, 'my_model.keras')`. ]
[2024-03-28 03:26:30,136: INFO: main: >>>>>> stage Prepare base model completed <<<<<<

x==========x]
[2024-03-28 03:26:30,136: INFO: main: *******************]
[2024-03-28 03:26:30,136: INFO: main: >>>>>> stage Training started <<<<<<]
[2024-03-28 03:26:30,136: INFO: common: yaml file: config\config.yaml loaded successfully]
[2024-03-28 03:26:30,136: INFO: common: yaml file: params.yaml loaded successfully]
[2024-03-28 03:26:30,136: INFO: common: created directory at: artifacts]
[2024-03-28 03:26:30,136: INFO: common: created directory at: artifacts\training]
[2024-03-28 03:26:30,318: WARNING: saving_utils: Compiled the loaded model, but the compiled metrics have yet to be built. `model.compile_metrics` will be empty until you train or evaluate the model.]
[2024-03-28 03:30:19,456: WARNING: saving_api: You are saving your model as an HDF5 file via `model.save()` or `keras.saving.save_model(model)`. This file format is considered legacy. We recommend using instead the native Keras format, e.g. `model.save('my_model.keras')` or `keras.saving.save_model(model, 'my_model.keras')`. ]
[2024-03-28 03:30:19,616: INFO: main: >>>>>> stage Training completed <<<<<<

x==========x]
[2024-03-28 03:30:19,617: INFO: main: *******************]
[2024-03-28 03:30:19,618: INFO: main: >>>>>> stage Evaluation stage started <<<<<<]
[2024-03-28 03:30:19,626: INFO: common: yaml file: config\config.yaml loaded successfully]
[2024-03-28 03:30:19,637: INFO: common: yaml file: params.yaml loaded successfully]
[2024-03-28 03:30:19,637: INFO: common: created directory at: artifacts]
[2024-03-28 03:30:19,882: WARNING: saving_utils: Compiled the loaded model, but the compiled metrics have yet to be built. `model.compile_metrics` will be empty until you train or evaluate the model.]
[2024-03-28 03:30:37,267: INFO: common: json file saved at: scores.json]
[2024-03-28 03:30:37,268: INFO: common: json file saved at: scores.json]
[2024-03-28 03:30:37,268: INFO: main: >>>>>> stage Evaluation stage completed <<<<<<

x==========x]
[2024-03-28 03:48:16,126: INFO: utils: NumExpr defaulting to 8 threads.]
[2024-03-28 03:48:17,850: INFO: main: >>>>>> stage Data Ingestion stage started <<<<<<]
[2024-03-28 03:48:17,850: INFO: common: yaml file: config\config.yaml loaded successfully]
[2024-03-28 03:48:17,850: INFO: common: yaml file: params.yaml loaded successfully]
[2024-03-28 03:48:17,850: INFO: common: created directory at: artifacts]
[2024-03-28 03:48:17,850: INFO: common: created directory at: artifacts/data_ingestion]
[2024-03-28 03:48:17,850: INFO: data_ingestion: Downloading data from https://drive.google.com/file/d/1vlhZ5c7abUKF8xXERIw6m9Te8fW7ohw3/view?usp=sharing into file artifacts/data_ingestion/data.zip]
[2024-03-28 03:48:25,781: INFO: data_ingestion: Downloaded data from https://drive.google.com/file/d/1vlhZ5c7abUKF8xXERIw6m9Te8fW7ohw3/view?usp=sharing into file artifacts/data_ingestion/data.zip]
[2024-03-28 03:48:26,336: INFO: main: >>>>>> stage Data Ingestion stage completed <<<<<<

x==========x]
[2024-03-28 03:48:26,336: INFO: main: *******************]
[2024-03-28 03:48:26,336: INFO: main: >>>>>> stage Prepare base model started <<<<<<]
[2024-03-28 03:48:26,336: INFO: common: yaml file: config\config.yaml loaded successfully]
[2024-03-28 03:48:26,336: INFO: common: yaml file: params.yaml loaded successfully]
[2024-03-28 03:48:26,336: INFO: common: created directory at: artifacts]
[2024-03-28 03:48:26,336: INFO: common: created directory at: artifacts/prepare_base_model]
[2024-03-28 03:48:26,727: WARNING: saving_api: You are saving your model as an HDF5 file via `model.save()` or `keras.saving.save_model(model)`. This file format is considered legacy. We recommend using instead the native Keras format, e.g. `model.save('my_model.keras')` or `keras.saving.save_model(model, 'my_model.keras')`. ]
[2024-03-28 03:48:26,849: WARNING: saving_api: You are saving your model as an HDF5 file via `model.save()` or `keras.saving.save_model(model)`. This file format is considered legacy. We recommend using instead the native Keras format, e.g. `model.save('my_model.keras')` or `keras.saving.save_model(model, 'my_model.keras')`. ]
[2024-03-28 03:48:26,910: INFO: main: >>>>>> stage Prepare base model completed <<<<<<

x==========x]
[2024-03-28 03:48:26,910: INFO: main: *******************]
[2024-03-28 03:48:26,910: INFO: main: >>>>>> stage Training started <<<<<<]
[2024-03-28 03:48:26,925: INFO: common: yaml file: config\config.yaml loaded successfully]
[2024-03-28 03:48:26,927: INFO: common: yaml file: params.yaml loaded successfully]
[2024-03-28 03:48:26,927: INFO: common: created directory at: artifacts]
[2024-03-28 03:48:26,927: INFO: common: created directory at: artifacts\training]
[2024-03-28 03:48:27,075: WARNING: saving_utils: Compiled the loaded model, but the compiled metrics have yet to be built. `model.compile_metrics` will be empty until you train or evaluate the model.]
[2024-03-28 03:51:54,444: WARNING: saving_api: You are saving your model as an HDF5 file via `model.save()` or `keras.saving.save_model(model)`. This file format is considered legacy. We recommend using instead the native Keras format, e.g. `model.save('my_model.keras')` or `keras.saving.save_model(model, 'my_model.keras')`. ]
[2024-03-28 03:51:54,511: INFO: main: >>>>>> stage Training completed <<<<<<

x==========x]
[2024-03-28 03:51:54,512: INFO: main: *******************]
[2024-03-28 03:51:54,512: INFO: main: >>>>>> stage Evaluation stage started <<<<<<]
[2024-03-28 03:51:54,513: INFO: common: yaml file: config\config.yaml loaded successfully]
[2024-03-28 03:51:54,514: INFO: common: yaml file: params.yaml loaded successfully]
[2024-03-28 03:51:54,515: INFO: common: created directory at: artifacts]
[2024-03-28 03:51:54,674: WARNING: saving_utils: Compiled the loaded model, but the compiled metrics have yet to be built. `model.compile_metrics` will be empty until you train or evaluate the model.]
[2024-03-28 03:52:14,299: INFO: common: json file saved at: scores.json]
[2024-03-28 03:52:14,299: INFO: common: json file saved at: scores.json]
[2024-03-28 03:52:14,299: INFO: main: >>>>>> stage Evaluation stage completed <<<<<<

x==========x]
[2024-03-28 04:01:13,440: INFO: utils: NumExpr defaulting to 8 threads.]
[2024-03-28 04:01:15,205: INFO: main: >>>>>> stage Data Ingestion stage started <<<<<<]
[2024-03-28 04:01:15,206: INFO: common: yaml file: config\config.yaml loaded successfully]
[2024-03-28 04:01:15,208: INFO: common: yaml file: params.yaml loaded successfully]
[2024-03-28 04:01:15,209: INFO: common: created directory at: artifacts]
[2024-03-28 04:01:15,209: INFO: common: created directory at: artifacts/data_ingestion]
[2024-03-28 04:01:15,210: INFO: data_ingestion: Downloading data from https://drive.google.com/file/d/1vlhZ5c7abUKF8xXERIw6m9Te8fW7ohw3/view?usp=sharing into file artifacts/data_ingestion/data.zip]
[2024-03-28 04:01:23,833: INFO: data_ingestion: Downloaded data from https://drive.google.com/file/d/1vlhZ5c7abUKF8xXERIw6m9Te8fW7ohw3/view?usp=sharing into file artifacts/data_ingestion/data.zip]
[2024-03-28 04:01:24,511: INFO: main: >>>>>> stage Data Ingestion stage completed <<<<<<

x==========x]
[2024-03-28 04:01:24,511: INFO: main: *******************]
[2024-03-28 04:01:24,511: INFO: main: >>>>>> stage Prepare base model started <<<<<<]
[2024-03-28 04:01:24,513: INFO: common: yaml file: config\config.yaml loaded successfully]
[2024-03-28 04:01:24,513: INFO: common: yaml file: params.yaml loaded successfully]
[2024-03-28 04:01:24,513: INFO: common: created directory at: artifacts]
[2024-03-28 04:01:24,513: INFO: common: created directory at: artifacts/prepare_base_model]
[2024-03-28 04:01:24,971: WARNING: saving_api: You are saving your model as an HDF5 file via `model.save()` or `keras.saving.save_model(model)`. This file format is considered legacy. We recommend using instead the native Keras format, e.g. `model.save('my_model.keras')` or `keras.saving.save_model(model, 'my_model.keras')`. ]
[2024-03-28 04:01:25,216: WARNING: saving_api: You are saving your model as an HDF5 file via `model.save()` or `keras.saving.save_model(model)`. This file format is considered legacy. We recommend using instead the native Keras format, e.g. `model.save('my_model.keras')` or `keras.saving.save_model(model, 'my_model.keras')`. ]
[2024-03-28 04:01:25,318: INFO: main: >>>>>> stage Prepare base model completed <<<<<<

x==========x]
[2024-03-28 04:01:25,318: INFO: main: *******************]
[2024-03-28 04:01:25,318: INFO: main: >>>>>> stage Training started <<<<<<]
[2024-03-28 04:01:25,318: INFO: common: yaml file: config\config.yaml loaded successfully]
[2024-03-28 04:01:25,318: INFO: common: yaml file: params.yaml loaded successfully]
[2024-03-28 04:01:25,318: INFO: common: created directory at: artifacts]
[2024-03-28 04:01:25,326: INFO: common: created directory at: artifacts\training]
[2024-03-28 04:01:25,488: WARNING: saving_utils: Compiled the loaded model, but the compiled metrics have yet to be built. `model.compile_metrics` will be empty until you train or evaluate the model.]
[2024-03-28 04:05:29,466: WARNING: saving_api: You are saving your model as an HDF5 file via `model.save()` or `keras.saving.save_model(model)`. This file format is considered legacy. We recommend using instead the native Keras format, e.g. `model.save('my_model.keras')` or `keras.saving.save_model(model, 'my_model.keras')`. ]
[2024-03-28 04:05:29,634: INFO: main: >>>>>> stage Training completed <<<<<<

x==========x]
[2024-03-28 04:05:29,635: INFO: main: *******************]
[2024-03-28 04:05:29,635: INFO: main: >>>>>> stage Evaluation stage started <<<<<<]
[2024-03-28 04:05:29,645: INFO: common: yaml file: config\config.yaml loaded successfully]
[2024-03-28 04:05:29,648: INFO: common: yaml file: params.yaml loaded successfully]
[2024-03-28 04:05:29,669: INFO: common: created directory at: artifacts]
[2024-03-28 04:05:29,915: WARNING: saving_utils: Compiled the loaded model, but the compiled metrics have yet to be built. `model.compile_metrics` will be empty until you train or evaluate the model.]
[2024-03-28 04:05:53,584: INFO: common: json file saved at: scores.json]
[2024-03-28 04:05:53,587: INFO: common: json file saved at: scores.json]
[2024-03-28 04:06:11,716: INFO: main: >>>>>> stage Evaluation stage completed <<<<<<

x==========x]
[2024-03-28 04:43:42,240: INFO: utils: NumExpr defaulting to 8 threads.]
[2024-03-28 04:43:43,673: INFO: main: >>>>>> stage Data Ingestion stage started <<<<<<]
[2024-03-28 04:43:43,673: INFO: common: yaml file: config\config.yaml loaded successfully]
[2024-03-28 04:43:43,673: INFO: common: yaml file: params.yaml loaded successfully]
[2024-03-28 04:43:43,673: INFO: common: created directory at: artifacts]
[2024-03-28 04:43:43,673: INFO: common: created directory at: artifacts/data_ingestion]
[2024-03-28 04:43:43,673: INFO: data_ingestion: Downloading data from https://drive.google.com/file/d/1vlhZ5c7abUKF8xXERIw6m9Te8fW7ohw3/view?usp=sharing into file artifacts/data_ingestion/data.zip]
[2024-03-28 04:43:51,807: INFO: data_ingestion: Downloaded data from https://drive.google.com/file/d/1vlhZ5c7abUKF8xXERIw6m9Te8fW7ohw3/view?usp=sharing into file artifacts/data_ingestion/data.zip]
[2024-03-28 04:43:52,623: INFO: main: >>>>>> stage Data Ingestion stage completed <<<<<<

x==========x]
[2024-03-28 04:43:52,623: INFO: main: *******************]
[2024-03-28 04:43:52,623: INFO: main: >>>>>> stage Prepare base model started <<<<<<]
[2024-03-28 04:43:52,627: INFO: common: yaml file: config\config.yaml loaded successfully]
[2024-03-28 04:43:52,630: INFO: common: yaml file: params.yaml loaded successfully]
[2024-03-28 04:43:52,630: INFO: common: created directory at: artifacts]
[2024-03-28 04:43:52,630: INFO: common: created directory at: artifacts/prepare_base_model]
[2024-03-28 04:43:53,474: WARNING: saving_api: You are saving your model as an HDF5 file via `model.save()` or `keras.saving.save_model(model)`. This file format is considered legacy. We recommend using instead the native Keras format, e.g. `model.save('my_model.keras')` or `keras.saving.save_model(model, 'my_model.keras')`. ]
[2024-03-28 04:43:53,697: WARNING: saving_api: You are saving your model as an HDF5 file via `model.save()` or `keras.saving.save_model(model)`. This file format is considered legacy. We recommend using instead the native Keras format, e.g. `model.save('my_model.keras')` or `keras.saving.save_model(model, 'my_model.keras')`. ]
[2024-03-28 04:43:53,877: INFO: main: >>>>>> stage Prepare base model completed <<<<<<

x==========x]
[2024-03-28 04:43:53,879: INFO: main: *******************]
[2024-03-28 04:43:53,879: INFO: main: >>>>>> stage Training started <<<<<<]
[2024-03-28 04:43:53,881: INFO: common: yaml file: config\config.yaml loaded successfully]
[2024-03-28 04:43:53,885: INFO: common: yaml file: params.yaml loaded successfully]
[2024-03-28 04:43:53,886: INFO: common: created directory at: artifacts]
[2024-03-28 04:43:53,888: INFO: common: created directory at: artifacts\training]
[2024-03-28 04:43:54,157: WARNING: saving_utils: Compiled the loaded model, but the compiled metrics have yet to be built. `model.compile_metrics` will be empty until you train or evaluate the model.]
[2024-03-28 04:47:50,345: WARNING: saving_api: You are saving your model as an HDF5 file via `model.save()` or `keras.saving.save_model(model)`. This file format is considered legacy. We recommend using instead the native Keras format, e.g. `model.save('my_model.keras')` or `keras.saving.save_model(model, 'my_model.keras')`. ]
[2024-03-28 04:47:50,455: INFO: main: >>>>>> stage Training completed <<<<<<

x==========x]
[2024-03-28 04:47:50,461: INFO: main: *******************]
[2024-03-28 04:47:50,462: INFO: main: >>>>>> stage Evaluation stage started <<<<<<]
[2024-03-28 04:47:50,462: INFO: common: yaml file: config\config.yaml loaded successfully]
[2024-03-28 04:47:50,462: INFO: common: yaml file: params.yaml loaded successfully]
[2024-03-28 04:47:50,472: INFO: common: created directory at: artifacts]
[2024-03-28 04:47:50,696: WARNING: saving_utils: Compiled the loaded model, but the compiled metrics have yet to be built. `model.compile_metrics` will be empty until you train or evaluate the model.]
[2024-03-28 04:48:09,779: INFO: common: json file saved at: scores.json]
[2024-03-28 04:48:09,780: INFO: common: json file saved at: scores.json]
[2024-03-28 04:48:25,612: INFO: main: >>>>>> stage Evaluation stage completed <<<<<<

x==========x]
[2024-03-28 17:14:41,920: INFO: utils: NumExpr defaulting to 8 threads.]
[2024-03-28 17:14:45,583: INFO: main: >>>>>> stage Data Ingestion stage started <<<<<<]
[2024-03-28 17:14:45,583: INFO: common: yaml file: config\config.yaml loaded successfully]
[2024-03-28 17:14:45,583: INFO: common: yaml file: params.yaml loaded successfully]
[2024-03-28 17:14:45,583: INFO: common: created directory at: artifacts]
[2024-03-28 17:14:45,583: INFO: common: created directory at: artifacts/data_ingestion]
[2024-03-28 17:14:45,583: INFO: data_ingestion: Downloading data from https://drive.google.com/file/d/1vlhZ5c7abUKF8xXERIw6m9Te8fW7ohw3/view?usp=sharing into file artifacts/data_ingestion/data.zip]
[2024-03-28 17:14:54,842: INFO: data_ingestion: Downloaded data from https://drive.google.com/file/d/1vlhZ5c7abUKF8xXERIw6m9Te8fW7ohw3/view?usp=sharing into file artifacts/data_ingestion/data.zip]
[2024-03-28 17:14:55,431: INFO: main: >>>>>> stage Data Ingestion stage completed <<<<<<

x==========x]
[2024-03-28 17:14:55,431: INFO: main: *******************]
[2024-03-28 17:14:55,431: INFO: main: >>>>>> stage Prepare base model started <<<<<<]
[2024-03-28 17:14:55,431: INFO: common: yaml file: config\config.yaml loaded successfully]
[2024-03-28 17:14:55,431: INFO: common: yaml file: params.yaml loaded successfully]
[2024-03-28 17:14:55,431: INFO: common: created directory at: artifacts]
[2024-03-28 17:14:55,431: INFO: common: created directory at: artifacts/prepare_base_model]
[2024-03-28 17:14:55,877: WARNING: saving_api: You are saving your model as an HDF5 file via `model.save()` or `keras.saving.save_model(model)`. This file format is considered legacy. We recommend using instead the native Keras format, e.g. `model.save('my_model.keras')` or `keras.saving.save_model(model, 'my_model.keras')`. ]
[2024-03-28 17:14:55,996: WARNING: saving_api: You are saving your model as an HDF5 file via `model.save()` or `keras.saving.save_model(model)`. This file format is considered legacy. We recommend using instead the native Keras format, e.g. `model.save('my_model.keras')` or `keras.saving.save_model(model, 'my_model.keras')`. ]
[2024-03-28 17:14:56,186: INFO: main: >>>>>> stage Prepare base model completed <<<<<<

x==========x]
[2024-03-28 17:14:56,186: INFO: main: *******************]
[2024-03-28 17:14:56,186: INFO: main: >>>>>> stage Training started <<<<<<]
[2024-03-28 17:14:56,186: INFO: common: yaml file: config\config.yaml loaded successfully]
[2024-03-28 17:14:56,186: INFO: common: yaml file: params.yaml loaded successfully]
[2024-03-28 17:14:56,186: INFO: common: created directory at: artifacts]
[2024-03-28 17:14:56,186: INFO: common: created directory at: artifacts\training]
[2024-03-28 17:14:56,455: WARNING: saving_utils: Compiled the loaded model, but the compiled metrics have yet to be built. `model.compile_metrics` will be empty until you train or evaluate the model.]
[2024-03-28 17:18:54,102: WARNING: saving_api: You are saving your model as an HDF5 file via `model.save()` or `keras.saving.save_model(model)`. This file format is considered legacy. We recommend using instead the native Keras format, e.g. `model.save('my_model.keras')` or `keras.saving.save_model(model, 'my_model.keras')`. ]
[2024-03-28 17:18:54,232: INFO: main: >>>>>> stage Training completed <<<<<<

x==========x]
[2024-03-28 17:18:54,232: INFO: main: *******************]
[2024-03-28 17:18:54,232: INFO: main: >>>>>> stage Evaluation stage started <<<<<<]
[2024-03-28 17:18:54,250: INFO: common: yaml file: config\config.yaml loaded successfully]
[2024-03-28 17:18:54,253: INFO: common: yaml file: params.yaml loaded successfully]
[2024-03-28 17:18:54,255: INFO: common: created directory at: artifacts]
[2024-03-28 17:18:54,443: WARNING: saving_utils: Compiled the loaded model, but the compiled metrics have yet to be built. `model.compile_metrics` will be empty until you train or evaluate the model.]
[2024-03-28 17:19:10,171: INFO: common: json file saved at: scores.json]
[2024-03-28 17:19:10,171: INFO: common: json file saved at: scores.json]
[2024-03-28 17:19:36,588: INFO: main: >>>>>> stage Evaluation stage completed <<<<<<

x==========x]
[2024-03-28 17:33:48,832: INFO: utils: NumExpr defaulting to 8 threads.]
[2024-03-28 17:33:51,096: INFO: main: >>>>>> stage Data Ingestion stage started <<<<<<]
[2024-03-28 17:33:51,098: INFO: common: yaml file: config\config.yaml loaded successfully]
[2024-03-28 17:33:51,099: INFO: common: yaml file: params.yaml loaded successfully]
[2024-03-28 17:33:51,100: INFO: common: created directory at: artifacts]
[2024-03-28 17:33:51,100: INFO: common: created directory at: artifacts/data_ingestion]
[2024-03-28 17:33:51,102: INFO: data_ingestion: Downloading data from https://drive.google.com/file/d/1vlhZ5c7abUKF8xXERIw6m9Te8fW7ohw3/view?usp=sharing into file artifacts/data_ingestion/data.zip]
[2024-03-28 17:34:00,121: INFO: data_ingestion: Downloaded data from https://drive.google.com/file/d/1vlhZ5c7abUKF8xXERIw6m9Te8fW7ohw3/view?usp=sharing into file artifacts/data_ingestion/data.zip]
[2024-03-28 17:34:00,705: INFO: main: >>>>>> stage Data Ingestion stage completed <<<<<<

x==========x]
[2024-03-28 17:34:00,705: INFO: main: *******************]
[2024-03-28 17:34:00,705: INFO: main: >>>>>> stage Prepare base model started <<<<<<]
[2024-03-28 17:34:00,705: INFO: common: yaml file: config\config.yaml loaded successfully]
[2024-03-28 17:34:00,721: INFO: common: yaml file: params.yaml loaded successfully]
[2024-03-28 17:34:00,721: INFO: common: created directory at: artifacts]
[2024-03-28 17:34:00,721: INFO: common: created directory at: artifacts/prepare_base_model]
[2024-03-28 17:34:01,215: WARNING: saving_api: You are saving your model as an HDF5 file via `model.save()` or `keras.saving.save_model(model)`. This file format is considered legacy. We recommend using instead the native Keras format, e.g. `model.save('my_model.keras')` or `keras.saving.save_model(model, 'my_model.keras')`. ]
[2024-03-28 17:34:01,318: WARNING: saving_api: You are saving your model as an HDF5 file via `model.save()` or `keras.saving.save_model(model)`. This file format is considered legacy. We recommend using instead the native Keras format, e.g. `model.save('my_model.keras')` or `keras.saving.save_model(model, 'my_model.keras')`. ]
[2024-03-28 17:34:01,503: INFO: main: >>>>>> stage Prepare base model completed <<<<<<

x==========x]
[2024-03-28 17:34:01,503: INFO: main: *******************]
[2024-03-28 17:34:01,503: INFO: main: >>>>>> stage Training started <<<<<<]
[2024-03-28 17:34:01,519: INFO: common: yaml file: config\config.yaml loaded successfully]
[2024-03-28 17:34:01,519: INFO: common: yaml file: params.yaml loaded successfully]
[2024-03-28 17:34:01,519: INFO: common: created directory at: artifacts]
[2024-03-28 17:34:01,519: INFO: common: created directory at: artifacts\training]
[2024-03-28 17:34:01,643: WARNING: saving_utils: Compiled the loaded model, but the compiled metrics have yet to be built. `model.compile_metrics` will be empty until you train or evaluate the model.]
[2024-03-28 17:37:39,883: WARNING: saving_api: You are saving your model as an HDF5 file via `model.save()` or `keras.saving.save_model(model)`. This file format is considered legacy. We recommend using instead the native Keras format, e.g. `model.save('my_model.keras')` or `keras.saving.save_model(model, 'my_model.keras')`. ]
[2024-03-28 17:37:40,017: INFO: main: >>>>>> stage Training completed <<<<<<

x==========x]
[2024-03-28 17:37:40,018: INFO: main: *******************]
[2024-03-28 17:37:40,018: INFO: main: >>>>>> stage Evaluation stage started <<<<<<]
[2024-03-28 17:37:40,027: INFO: common: yaml file: config\config.yaml loaded successfully]
[2024-03-28 17:37:40,030: INFO: common: yaml file: params.yaml loaded successfully]
[2024-03-28 17:37:40,034: INFO: common: created directory at: artifacts]
[2024-03-28 17:37:40,230: WARNING: saving_utils: Compiled the loaded model, but the compiled metrics have yet to be built. `model.compile_metrics` will be empty until you train or evaluate the model.]
[2024-03-28 17:37:57,806: INFO: common: json file saved at: scores.json]
[2024-03-28 17:37:57,806: INFO: common: json file saved at: scores.json]
[2024-03-28 17:38:12,374: INFO: main: >>>>>> stage Evaluation stage completed <<<<<<

x==========x]
